AndroidPlatformFactory.RegisterBuildPlatforms: UnrealBuildTool.AndroidPlatformSDK has no valid SDK
IOSPlatformFactory.RegisterBuildPlatforms: UnrealBuildTool.IOSPlatformSDK using manually installed SDK
LinuxPlatformFactory.RegisterBuildPlatforms: UnrealBuildTool.LinuxPlatformSDK has no valid SDK
WindowsPlatformFactory.RegisterBuildPlatforms: UnrealBuildTool.WindowsPlatformSDK using manually installed SDK
ProjectFileGenerator.GenerateProjectFiles: Discovering modules, targets and source code for project...
WindowsPlatform.FindVisualStudioInstallations: Found Visual Studio installation: C:\Program Files (x86)\Microsoft Visual Studio\2019\Community (Product=Microsoft.VisualStudio.Product.Community, Version=16.10.31321.278)
WindowsPlatform.GetDefaultCompiler: WARNING: Visual Studio 2019 is installed, but is missing the C++ toolchain. Please verify that the "VC++ 2019 toolset" component is selected in the Visual Studio 2019 installation options.
UnrealBuildTool.Main: ERROR: Visual Studio 2019 must be installed in order to build this target.
UnrealBuildTool.Main: BuildException: Visual Studio 2019 must be installed in order to build this target.
UnrealBuildTool.Main:    en UnrealBuildTool.VCEnvironment.Create(WindowsCompiler Compiler, UnrealTargetPlatform Platform, WindowsArchitecture Architecture, String CompilerVersion, String WindowsSdkVersion, String SuppliedSdkDirectoryForVersion) en D:\Build\++UE4\Sync\Engine\Source\Programs\UnrealBuildTool\Platform\Windows\VCEnvironment.cs:línea 510
UnrealBuildTool.Main:    en UnrealBuildTool.WindowsPlatform.CreateVCEnvironment(TargetRules Target) en D:\Build\++UE4\Sync\Engine\Source\Programs\UnrealBuildTool\Platform\Windows\UEBuildWindows.cs:línea 770
UnrealBuildTool.Main:    en UnrealBuildTool.WindowsPlatform.ValidateTarget(TargetRules Target) en D:\Build\++UE4\Sync\Engine\Source\Programs\UnrealBuildTool\Platform\Windows\UEBuildWindows.cs:línea 852
UnrealBuildTool.Main:    en UnrealBuildTool.RulesAssembly.CreateTargetRulesInstance(String TypeName, TargetInfo TargetInfo) en D:\Build\++UE4\Sync\Engine\Source\Programs\UnrealBuildTool\System\RulesAssembly.cs:línea 599
UnrealBuildTool.Main:    en UnrealBuildTool.RulesAssembly.CreateTargetRules(String TargetName, UnrealTargetPlatform Platform, UnrealTargetConfiguration Configuration, String Architecture, FileReference ProjectFile, CommandLineArguments Arguments) en D:\Build\++UE4\Sync\Engine\Source\Programs\UnrealBuildTool\System\RulesAssembly.cs:línea 659
UnrealBuildTool.Main:    en UnrealBuildTool.ProjectFileGenerator.AddProjectsForAllTargets(PlatformProjectGeneratorCollection PlatformProjectGenerators, List`1 AllGames, List`1 AllTargetFiles, String[] Arguments, ProjectFile& EngineProject, ProjectFile& EnterpriseProject, List`1& GameProjects, Dictionary`2& ProgramProjects) en D:\Build\++UE4\Sync\Engine\Source\Programs\UnrealBuildTool\ProjectFiles\ProjectFileGenerator.cs:línea 2318
UnrealBuildTool.Main:    en UnrealBuildTool.ProjectFileGenerator.GenerateProjectFiles(PlatformProjectGeneratorCollection PlatformProjectGenerators, String[] Arguments) en D:\Build\++UE4\Sync\Engine\Source\Programs\UnrealBuildTool\ProjectFiles\ProjectFileGenerator.cs:línea 753
UnrealBuildTool.Main:    en UnrealBuildTool.GenerateProjectFilesMode.Execute(CommandLineArguments Arguments) en D:\Build\++UE4\Sync\Engine\Source\Programs\UnrealBuildTool\Modes\GenerateProjectFilesMode.cs:línea 204
UnrealBuildTool.Main:    en UnrealBuildTool.UnrealBuildTool.Main(String[] ArgumentsArray) en D:\Build\++UE4\Sync\Engine\Source\Programs\UnrealBuildTool\UnrealBuildTool.cs:línea 550
Timeline.Print: Timeline:
Timeline.Print: 
Timeline.Print: [ 0.000]
Timeline.Print: [ 0.000](+0.116) <unknown>
Timeline.Print: [ 0.116](+1.594) XmlConfig.ReadConfigFiles()
Timeline.Print: [ 1.711](+0.000) SingleInstanceMutex.Acquire()
Timeline.Print: [ 1.711](+0.099) UEBuildPlatform.RegisterPlatforms()
Timeline.Print:   1.713          [ 0.001](+0.052) Initializing InstalledPlatformInfo
Timeline.Print:   1.765          [ 0.053](+0.000) Querying types
Timeline.Print:   1.767          [ 0.055](+0.002) MacPlatformFactory
Timeline.Print:   1.770          [ 0.058](+0.000) TVOSPlatformFactory
Timeline.Print:   1.770          [ 0.058](+0.024) AndroidPlatformFactory
Timeline.Print:   1.795          [ 0.083](+0.000) HoloLensPlatformFactory
Timeline.Print:   1.796          [ 0.084](+0.008) IOSPlatformFactory
Timeline.Print:   1.804          [ 0.092](+0.006) LinuxPlatformFactory
Timeline.Print:   1.810          [ 0.098](+0.000) LuminPlatformFactory
Timeline.Print:   1.810          [ 0.099](+0.000) WindowsPlatformFactory
Timeline.Print: [ 1.811](+1.570) <unknown>
Timeline.Print: [ 3.382](+0.006) Finding engine modules
Timeline.Print: [ 3.388](+0.004) Finding plugin modules
Timeline.Print: [ 3.392](+0.061) <unknown>
Timeline.Print: [ 3.454](+0.000) Finding program modules
Timeline.Print: [ 3.454](+0.000) Finding program targets
Timeline.Print: [ 3.454](+0.183) <unknown>
Timeline.Print: [ 3.638](+0.001) FileMetadataPrefetch.Stop()
Timeline.Print: [ 3.643]
